mode: atomic
github.com/0xPolygon/pbft-consensus/stats/stats.go:18.24,24.2 1 3
github.com/0xPolygon/pbft-consensus/stats/stats.go:26.56,31.2 4 1
github.com/0xPolygon/pbft-consensus/stats/stats.go:33.46,37.2 3 9
github.com/0xPolygon/pbft-consensus/stats/stats.go:39.58,43.2 3 0
github.com/0xPolygon/pbft-consensus/stats/stats.go:45.34,54.41 6 0
github.com/0xPolygon/pbft-consensus/stats/stats.go:58.2,58.49 1 0
github.com/0xPolygon/pbft-consensus/stats/stats.go:62.2,62.15 1 0
github.com/0xPolygon/pbft-consensus/stats/stats.go:54.41,56.3 1 0
github.com/0xPolygon/pbft-consensus/stats/stats.go:58.49,60.3 1 0
github.com/0xPolygon/pbft-consensus/stats/stats.go:65.25,71.2 4 1
github.com/0xPolygon/pbft-consensus/msg_queue.go:31.53,38.9 5 622
github.com/0xPolygon/pbft-consensus/msg_queue.go:39.39,39.39 0 123
github.com/0xPolygon/pbft-consensus/msg_queue.go:40.10,40.10 0 499
github.com/0xPolygon/pbft-consensus/msg_queue.go:45.55,47.2 1 6
github.com/0xPolygon/pbft-consensus/msg_queue.go:50.69,53.2 2 6
github.com/0xPolygon/pbft-consensus/msg_queue.go:55.98,61.2 4 435
github.com/0xPolygon/pbft-consensus/msg_queue.go:64.53,65.28 1 1057
github.com/0xPolygon/pbft-consensus/msg_queue.go:65.28,68.3 1 1005
github.com/0xPolygon/pbft-consensus/msg_queue.go:68.8,68.30 1 52
github.com/0xPolygon/pbft-consensus/msg_queue.go:68.30,71.3 1 16
github.com/0xPolygon/pbft-consensus/msg_queue.go:71.8,74.3 1 36
github.com/0xPolygon/pbft-consensus/msg_queue.go:78.43,87.2 3 131
github.com/0xPolygon/pbft-consensus/msg_queue.go:91.63,94.2 2 131
github.com/0xPolygon/pbft-consensus/msg_queue.go:104.53,107.2 1 5
github.com/0xPolygon/pbft-consensus/msg_queue.go:128.112,137.2 1 131
github.com/0xPolygon/pbft-consensus/msg_queue.go:140.41,142.83 1 131
github.com/0xPolygon/pbft-consensus/msg_queue.go:153.2,154.6 2 131
github.com/0xPolygon/pbft-consensus/msg_queue.go:142.83,143.39 1 5
github.com/0xPolygon/pbft-consensus/msg_queue.go:143.39,144.114 1 5
github.com/0xPolygon/pbft-consensus/msg_queue.go:149.4,149.32 1 5
github.com/0xPolygon/pbft-consensus/msg_queue.go:144.114,148.5 2 0
github.com/0xPolygon/pbft-consensus/msg_queue.go:154.6,160.10 2 141
github.com/0xPolygon/pbft-consensus/msg_queue.go:173.3,176.35 4 7
github.com/0xPolygon/pbft-consensus/msg_queue.go:180.3,180.7 1 7
github.com/0xPolygon/pbft-consensus/msg_queue.go:161.34,162.24 1 5
github.com/0xPolygon/pbft-consensus/msg_queue.go:165.38,168.67 3 5
github.com/0xPolygon/pbft-consensus/msg_queue.go:169.20,170.10 1 100
github.com/0xPolygon/pbft-consensus/msg_queue.go:162.24,163.13 1 3
github.com/0xPolygon/pbft-consensus/msg_queue.go:176.35,178.4 1 5
github.com/0xPolygon/pbft-consensus/msg_queue.go:180.7,185.24 4 12
github.com/0xPolygon/pbft-consensus/msg_queue.go:188.4,188.29 1 5
github.com/0xPolygon/pbft-consensus/msg_queue.go:185.24,186.10 1 7
github.com/0xPolygon/pbft-consensus/msg_queue.go:193.43,195.2 1 100
github.com/0xPolygon/pbft-consensus/msg_queue.go:198.77,203.9 4 6
github.com/0xPolygon/pbft-consensus/msg_queue.go:204.45,204.45 0 5
github.com/0xPolygon/pbft-consensus/msg_queue.go:205.10,205.10 0 1
github.com/0xPolygon/pbft-consensus/msg_queue.go:210.36,211.35 1 626
github.com/0xPolygon/pbft-consensus/msg_queue.go:222.2,222.28 1 0
github.com/0xPolygon/pbft-consensus/msg_queue.go:211.35,214.3 1 593
github.com/0xPolygon/pbft-consensus/msg_queue.go:214.8,214.41 1 33
github.com/0xPolygon/pbft-consensus/msg_queue.go:214.41,217.3 1 8
github.com/0xPolygon/pbft-consensus/msg_queue.go:217.8,217.66 1 25
github.com/0xPolygon/pbft-consensus/msg_queue.go:217.66,220.3 1 25
github.com/0xPolygon/pbft-consensus/msg_queue.go:225.35,226.12 1 4
github.com/0xPolygon/pbft-consensus/msg_queue.go:227.24,228.32 1 1
github.com/0xPolygon/pbft-consensus/msg_queue.go:229.19,230.31 1 1
github.com/0xPolygon/pbft-consensus/msg_queue.go:231.21,232.28 1 2
github.com/0xPolygon/pbft-consensus/msg_queue.go:233.10,234.29 1 0
github.com/0xPolygon/pbft-consensus/msg_queue.go:242.112,244.6 2 447
github.com/0xPolygon/pbft-consensus/msg_queue.go:244.6,245.19 1 453
github.com/0xPolygon/pbft-consensus/msg_queue.go:248.3,251.36 2 426
github.com/0xPolygon/pbft-consensus/msg_queue.go:268.3,270.34 2 422
github.com/0xPolygon/pbft-consensus/msg_queue.go:277.3,277.24 1 416
github.com/0xPolygon/pbft-consensus/msg_queue.go:245.19,247.4 1 27
github.com/0xPolygon/pbft-consensus/msg_queue.go:251.36,254.41 1 403
github.com/0xPolygon/pbft-consensus/msg_queue.go:254.41,257.5 1 1
github.com/0xPolygon/pbft-consensus/msg_queue.go:258.9,260.35 1 23
github.com/0xPolygon/pbft-consensus/msg_queue.go:260.35,263.5 1 3
github.com/0xPolygon/pbft-consensus/msg_queue.go:270.34,273.12 2 6
github.com/0xPolygon/pbft-consensus/msg_queue.go:282.42,284.2 1 426
github.com/0xPolygon/pbft-consensus/msg_queue.go:287.33,289.2 1 1512
github.com/0xPolygon/pbft-consensus/msg_queue.go:292.43,295.42 2 1063
github.com/0xPolygon/pbft-consensus/msg_queue.go:299.2,299.36 1 1057
github.com/0xPolygon/pbft-consensus/msg_queue.go:303.2,303.26 1 1052
github.com/0xPolygon/pbft-consensus/msg_queue.go:295.42,297.3 1 6
github.com/0xPolygon/pbft-consensus/msg_queue.go:299.36,301.3 1 5
github.com/0xPolygon/pbft-consensus/msg_queue.go:307.38,309.2 1 429
github.com/0xPolygon/pbft-consensus/msg_queue.go:312.44,314.2 1 629
github.com/0xPolygon/pbft-consensus/msg_queue.go:317.42,324.2 6 422
github.com/0xPolygon/pbft-consensus/msg_queue.go:333.30,334.30 1 450
github.com/0xPolygon/pbft-consensus/msg_queue.go:341.2,341.24 1 437
github.com/0xPolygon/pbft-consensus/msg_queue.go:349.2,349.10 1 426
github.com/0xPolygon/pbft-consensus/msg_queue.go:334.30,335.30 1 13
github.com/0xPolygon/pbft-consensus/msg_queue.go:335.30,337.4 1 9
github.com/0xPolygon/pbft-consensus/msg_queue.go:337.9,339.4 1 4
github.com/0xPolygon/pbft-consensus/msg_queue.go:341.24,342.24 1 11
github.com/0xPolygon/pbft-consensus/msg_queue.go:342.24,344.4 1 3
github.com/0xPolygon/pbft-consensus/msg_queue.go:344.9,346.4 1 8
github.com/0xPolygon/pbft-consensus/view.go:14.44,19.2 1 522
github.com/0xPolygon/pbft-consensus/view.go:21.29,25.2 3 235
github.com/0xPolygon/pbft-consensus/view.go:27.32,29.2 1 28
github.com/0xPolygon/pbft-consensus/consensus_cfg.go:25.40,26.25 1 129
github.com/0xPolygon/pbft-consensus/consensus_cfg.go:26.25,28.3 1 129
github.com/0xPolygon/pbft-consensus/consensus_cfg.go:31.46,32.25 1 0
github.com/0xPolygon/pbft-consensus/consensus_cfg.go:32.25,34.3 1 0
github.com/0xPolygon/pbft-consensus/consensus_cfg.go:37.63,38.25 1 29
github.com/0xPolygon/pbft-consensus/consensus_cfg.go:38.25,39.26 1 29
github.com/0xPolygon/pbft-consensus/consensus_cfg.go:39.26,41.4 1 29
github.com/0xPolygon/pbft-consensus/consensus_cfg.go:45.56,46.25 1 0
github.com/0xPolygon/pbft-consensus/consensus_cfg.go:46.25,47.22 1 0
github.com/0xPolygon/pbft-consensus/consensus_cfg.go:47.22,49.4 1 0
github.com/0xPolygon/pbft-consensus/consensus_cfg.go:53.57,54.25 1 0
github.com/0xPolygon/pbft-consensus/consensus_cfg.go:54.25,55.18 1 0
github.com/0xPolygon/pbft-consensus/consensus_cfg.go:55.18,57.4 1 0
github.com/0xPolygon/pbft-consensus/consensus_cfg.go:87.30,96.2 1 129
github.com/0xPolygon/pbft-consensus/consensus_cfg.go:98.49,99.27 1 129
github.com/0xPolygon/pbft-consensus/consensus_cfg.go:99.27,101.3 1 158
github.com/0xPolygon/pbft-consensus/consensus_cfg.go:105.56,107.2 1 100
github.com/0xPolygon/pbft-consensus/consensus_cfg.go:112.61,117.33 2 107
github.com/0xPolygon/pbft-consensus/consensus_cfg.go:123.2,123.16 1 107
github.com/0xPolygon/pbft-consensus/consensus_cfg.go:117.33,119.3 1 104
github.com/0xPolygon/pbft-consensus/consensus_cfg.go:119.8,121.3 1 3
github.com/0xPolygon/pbft-consensus/consensus_cfg.go:131.71,131.72 0 4
github.com/0xPolygon/pbft-consensus/consensus_cfg.go:134.86,136.2 1 429
github.com/0xPolygon/pbft-consensus/consensus_pbft.go:33.32,34.11 1 157
github.com/0xPolygon/pbft-consensus/consensus_pbft.go:48.2,48.55 1 0
github.com/0xPolygon/pbft-consensus/consensus_pbft.go:35.19,36.23 1 51
github.com/0xPolygon/pbft-consensus/consensus_pbft.go:37.24,38.28 1 52
github.com/0xPolygon/pbft-consensus/consensus_pbft.go:39.21,40.25 1 33
github.com/0xPolygon/pbft-consensus/consensus_pbft.go:41.19,42.23 1 11
github.com/0xPolygon/pbft-consensus/consensus_pbft.go:43.17,44.21 1 4
github.com/0xPolygon/pbft-consensus/consensus_pbft.go:45.17,46.21 1 6
github.com/0xPolygon/pbft-consensus/consensus_pbft.go:114.78,133.2 5 129
github.com/0xPolygon/pbft-consensus/consensus_pbft.go:135.50,145.2 4 29
github.com/0xPolygon/pbft-consensus/consensus_pbft.go:148.41,156.61 4 2
github.com/0xPolygon/pbft-consensus/consensus_pbft.go:156.61,157.10 1 4
github.com/0xPolygon/pbft-consensus/consensus_pbft.go:164.3,167.16 2 3
github.com/0xPolygon/pbft-consensus/consensus_pbft.go:158.21,159.10 1 1
github.com/0xPolygon/pbft-consensus/consensus_pbft.go:160.11,160.11 0 3
github.com/0xPolygon/pbft-consensus/consensus_pbft.go:172.24,174.2 1 100
github.com/0xPolygon/pbft-consensus/consensus_pbft.go:176.53,182.2 2 2
github.com/0xPolygon/pbft-consensus/consensus_pbft.go:184.28,185.35 1 3
github.com/0xPolygon/pbft-consensus/consensus_pbft.go:185.35,189.3 2 0
github.com/0xPolygon/pbft-consensus/consensus_pbft.go:192.46,194.2 1 0
github.com/0xPolygon/pbft-consensus/consensus_pbft.go:197.46,203.25 4 29
github.com/0xPolygon/pbft-consensus/consensus_pbft.go:207.2,207.15 1 29
github.com/0xPolygon/pbft-consensus/consensus_pbft.go:203.25,205.3 1 29
github.com/0xPolygon/pbft-consensus/consensus_pbft.go:208.19,209.24 1 13
github.com/0xPolygon/pbft-consensus/consensus_pbft.go:211.21,212.26 1 5
github.com/0xPolygon/pbft-consensus/consensus_pbft.go:214.24,215.29 1 7
github.com/0xPolygon/pbft-consensus/consensus_pbft.go:217.19,218.24 1 3
github.com/0xPolygon/pbft-consensus/consensus_pbft.go:220.17,221.47 1 1
github.com/0xPolygon/pbft-consensus/consensus_pbft.go:225.45,231.2 3 29
github.com/0xPolygon/pbft-consensus/consensus_pbft.go:233.39,238.2 2 137
github.com/0xPolygon/pbft-consensus/consensus_pbft.go:245.52,251.56 4 13
github.com/0xPolygon/pbft-consensus/consensus_pbft.go:259.2,278.24 7 11
github.com/0xPolygon/pbft-consensus/consensus_pbft.go:282.2,284.16 2 11
github.com/0xPolygon/pbft-consensus/consensus_pbft.go:325.2,325.34 1 7
github.com/0xPolygon/pbft-consensus/consensus_pbft.go:251.56,256.3 3 2
github.com/0xPolygon/pbft-consensus/consensus_pbft.go:278.24,280.3 1 3
github.com/0xPolygon/pbft-consensus/consensus_pbft.go:284.16,287.26 2 4
github.com/0xPolygon/pbft-consensus/consensus_pbft.go:309.3,316.9 4 3
github.com/0xPolygon/pbft-consensus/consensus_pbft.go:287.26,290.18 2 3
github.com/0xPolygon/pbft-consensus/consensus_pbft.go:297.4,301.11 3 2
github.com/0xPolygon/pbft-consensus/consensus_pbft.go:290.18,294.5 3 1
github.com/0xPolygon/pbft-consensus/consensus_pbft.go:302.29,302.29 0 2
github.com/0xPolygon/pbft-consensus/consensus_pbft.go:303.22,304.11 1 0
github.com/0xPolygon/pbft-consensus/consensus_pbft.go:325.34,327.10 2 8
github.com/0xPolygon/pbft-consensus/consensus_pbft.go:330.3,330.17 1 6
github.com/0xPolygon/pbft-consensus/consensus_pbft.go:335.3,335.35 1 5
github.com/0xPolygon/pbft-consensus/consensus_pbft.go:341.3,345.62 2 4
github.com/0xPolygon/pbft-consensus/consensus_pbft.go:350.3,350.54 1 3
github.com/0xPolygon/pbft-consensus/consensus_pbft.go:356.3,356.25 1 2
github.com/0xPolygon/pbft-consensus/consensus_pbft.go:327.10,329.4 1 2
github.com/0xPolygon/pbft-consensus/consensus_pbft.go:330.17,332.12 2 1
github.com/0xPolygon/pbft-consensus/consensus_pbft.go:335.35,337.12 2 1
github.com/0xPolygon/pbft-consensus/consensus_pbft.go:345.62,348.4 2 1
github.com/0xPolygon/pbft-consensus/consensus_pbft.go:350.54,354.4 3 1
github.com/0xPolygon/pbft-consensus/consensus_pbft.go:356.25,360.4 2 1
github.com/0xPolygon/pbft-consensus/consensus_pbft.go:360.9,364.4 3 1
github.com/0xPolygon/pbft-consensus/consensus_pbft.go:371.54,374.15 2 5
github.com/0xPolygon/pbft-consensus/consensus_pbft.go:379.2,385.38 3 5
github.com/0xPolygon/pbft-consensus/consensus_pbft.go:399.2,399.36 1 5
github.com/0xPolygon/pbft-consensus/consensus_pbft.go:374.15,377.3 2 5
github.com/0xPolygon/pbft-consensus/consensus_pbft.go:385.38,390.20 2 4
github.com/0xPolygon/pbft-consensus/consensus_pbft.go:390.20,396.4 3 2
github.com/0xPolygon/pbft-consensus/consensus_pbft.go:399.36,401.10 2 8
github.com/0xPolygon/pbft-consensus/consensus_pbft.go:405.3,405.17 1 8
github.com/0xPolygon/pbft-consensus/consensus_pbft.go:412.3,412.52 1 6
github.com/0xPolygon/pbft-consensus/consensus_pbft.go:417.3,417.19 1 6
github.com/0xPolygon/pbft-consensus/consensus_pbft.go:428.3,428.32 1 5
github.com/0xPolygon/pbft-consensus/consensus_pbft.go:401.10,404.4 1 0
github.com/0xPolygon/pbft-consensus/consensus_pbft.go:405.17,409.4 2 2
github.com/0xPolygon/pbft-consensus/consensus_pbft.go:412.52,414.12 2 0
github.com/0xPolygon/pbft-consensus/consensus_pbft.go:418.27,419.28 1 1
github.com/0xPolygon/pbft-consensus/consensus_pbft.go:421.26,422.29 1 4
github.com/0xPolygon/pbft-consensus/consensus_pbft.go:423.11,424.87 1 1
github.com/0xPolygon/pbft-consensus/consensus_pbft.go:428.32,429.50 1 5
github.com/0xPolygon/pbft-consensus/consensus_pbft.go:434.4,434.51 1 5
github.com/0xPolygon/pbft-consensus/consensus_pbft.go:429.50,432.5 1 2
github.com/0xPolygon/pbft-consensus/consensus_pbft.go:434.51,440.5 2 2
github.com/0xPolygon/pbft-consensus/consensus_pbft.go:441.9,445.104 3 0
github.com/0xPolygon/pbft-consensus/consensus_pbft.go:450.4,450.105 1 0
github.com/0xPolygon/pbft-consensus/consensus_pbft.go:445.104,448.5 1 0
github.com/0xPolygon/pbft-consensus/consensus_pbft.go:450.105,456.5 2 0
github.com/0xPolygon/pbft-consensus/consensus_pbft.go:462.82,481.2 2 413
github.com/0xPolygon/pbft-consensus/consensus_pbft.go:483.56,496.49 5 215
github.com/0xPolygon/pbft-consensus/consensus_pbft.go:499.2,499.29 1 215
github.com/0xPolygon/pbft-consensus/consensus_pbft.go:496.49,498.3 1 106
github.com/0xPolygon/pbft-consensus/consensus_pbft.go:503.103,504.17 1 215
github.com/0xPolygon/pbft-consensus/consensus_pbft.go:507.2,509.13 3 215
github.com/0xPolygon/pbft-consensus/consensus_pbft.go:504.17,506.3 1 108
github.com/0xPolygon/pbft-consensus/consensus_pbft.go:512.52,525.45 6 3
github.com/0xPolygon/pbft-consensus/consensus_pbft.go:525.45,530.3 2 1
github.com/0xPolygon/pbft-consensus/consensus_pbft.go:530.8,533.3 1 2
github.com/0xPolygon/pbft-consensus/consensus_pbft.go:542.42,545.2 2 2
github.com/0xPolygon/pbft-consensus/consensus_pbft.go:547.57,551.40 3 107
github.com/0xPolygon/pbft-consensus/consensus_pbft.go:566.2,566.32 1 107
github.com/0xPolygon/pbft-consensus/consensus_pbft.go:570.2,570.25 1 107
github.com/0xPolygon/pbft-consensus/consensus_pbft.go:595.2,595.41 1 107
github.com/0xPolygon/pbft-consensus/consensus_pbft.go:611.2,611.39 1 107
github.com/0xPolygon/pbft-consensus/consensus_pbft.go:551.40,564.3 7 108
github.com/0xPolygon/pbft-consensus/consensus_pbft.go:566.32,568.3 1 106
github.com/0xPolygon/pbft-consensus/consensus_pbft.go:570.25,574.79 1 6
github.com/0xPolygon/pbft-consensus/consensus_pbft.go:590.3,590.24 1 5
github.com/0xPolygon/pbft-consensus/consensus_pbft.go:574.79,586.4 5 1
github.com/0xPolygon/pbft-consensus/consensus_pbft.go:595.41,598.3 2 101
github.com/0xPolygon/pbft-consensus/consensus_pbft.go:598.8,601.45 1 6
github.com/0xPolygon/pbft-consensus/consensus_pbft.go:601.45,604.4 2 1
github.com/0xPolygon/pbft-consensus/consensus_pbft.go:604.9,607.4 1 5
github.com/0xPolygon/pbft-consensus/consensus_pbft.go:611.39,613.10 2 404
github.com/0xPolygon/pbft-consensus/consensus_pbft.go:617.3,617.17 1 399
github.com/0xPolygon/pbft-consensus/consensus_pbft.go:627.3,630.32 2 398
github.com/0xPolygon/pbft-consensus/consensus_pbft.go:613.10,616.4 1 5
github.com/0xPolygon/pbft-consensus/consensus_pbft.go:617.17,623.12 3 1
github.com/0xPolygon/pbft-consensus/consensus_pbft.go:630.32,631.33 1 13
github.com/0xPolygon/pbft-consensus/consensus_pbft.go:631.33,638.5 4 1
github.com/0xPolygon/pbft-consensus/consensus_pbft.go:638.10,638.48 1 12
github.com/0xPolygon/pbft-consensus/consensus_pbft.go:638.48,640.51 1 4
github.com/0xPolygon/pbft-consensus/consensus_pbft.go:640.51,643.6 1 1
github.com/0xPolygon/pbft-consensus/consensus_pbft.go:645.9,649.44 4 385
github.com/0xPolygon/pbft-consensus/consensus_pbft.go:649.44,656.5 4 100
github.com/0xPolygon/pbft-consensus/consensus_pbft.go:656.10,656.66 1 285
github.com/0xPolygon/pbft-consensus/consensus_pbft.go:656.66,658.51 1 78
github.com/0xPolygon/pbft-consensus/consensus_pbft.go:658.51,661.6 1 0
github.com/0xPolygon/pbft-consensus/consensus_pbft.go:669.34,671.2 1 108
github.com/0xPolygon/pbft-consensus/consensus_pbft.go:673.36,675.2 1 3
github.com/0xPolygon/pbft-consensus/consensus_pbft.go:677.33,679.2 1 4
github.com/0xPolygon/pbft-consensus/consensus_pbft.go:681.32,683.2 1 3
github.com/0xPolygon/pbft-consensus/consensus_pbft.go:685.40,690.39 2 119
github.com/0xPolygon/pbft-consensus/consensus_pbft.go:699.2,702.39 2 119
github.com/0xPolygon/pbft-consensus/consensus_pbft.go:707.2,707.35 1 119
github.com/0xPolygon/pbft-consensus/consensus_pbft.go:717.2,717.39 1 118
github.com/0xPolygon/pbft-consensus/consensus_pbft.go:722.2,723.48 2 118
github.com/0xPolygon/pbft-consensus/consensus_pbft.go:690.39,696.3 1 11
github.com/0xPolygon/pbft-consensus/consensus_pbft.go:702.39,704.3 1 3
github.com/0xPolygon/pbft-consensus/consensus_pbft.go:707.35,710.17 2 4
github.com/0xPolygon/pbft-consensus/consensus_pbft.go:714.3,714.18 1 3
github.com/0xPolygon/pbft-consensus/consensus_pbft.go:710.17,713.4 2 1
github.com/0xPolygon/pbft-consensus/consensus_pbft.go:717.39,720.3 1 115
github.com/0xPolygon/pbft-consensus/consensus_pbft.go:723.48,725.3 1 0
github.com/0xPolygon/pbft-consensus/consensus_pbft.go:729.40,731.2 1 0
github.com/0xPolygon/pbft-consensus/consensus_pbft.go:734.33,736.2 1 0
github.com/0xPolygon/pbft-consensus/consensus_pbft.go:739.33,741.2 1 1578
github.com/0xPolygon/pbft-consensus/consensus_pbft.go:744.38,746.2 1 5
github.com/0xPolygon/pbft-consensus/consensus_pbft.go:748.34,750.2 1 2
github.com/0xPolygon/pbft-consensus/consensus_pbft.go:753.34,756.2 2 148
github.com/0xPolygon/pbft-consensus/consensus_pbft.go:759.32,761.2 1 0
github.com/0xPolygon/pbft-consensus/consensus_pbft.go:764.40,766.2 1 0
github.com/0xPolygon/pbft-consensus/consensus_pbft.go:768.31,770.2 1 0
github.com/0xPolygon/pbft-consensus/consensus_pbft.go:773.68,774.6 1 420
github.com/0xPolygon/pbft-consensus/consensus_pbft.go:774.6,779.32 3 429
github.com/0xPolygon/pbft-consensus/consensus_pbft.go:783.3,783.17 1 429
github.com/0xPolygon/pbft-consensus/consensus_pbft.go:792.3,792.10 1 20
github.com/0xPolygon/pbft-consensus/consensus_pbft.go:779.32,782.4 2 4
github.com/0xPolygon/pbft-consensus/consensus_pbft.go:783.17,788.4 3 409
github.com/0xPolygon/pbft-consensus/consensus_pbft.go:793.30,800.20 4 4
github.com/0xPolygon/pbft-consensus/consensus_pbft.go:801.23,802.21 1 7
github.com/0xPolygon/pbft-consensus/consensus_pbft.go:803.37,803.37 0 9
github.com/0xPolygon/pbft-consensus/consensus_pbft.go:808.53,809.35 1 0
github.com/0xPolygon/pbft-consensus/consensus_pbft.go:809.35,811.3 1 0
github.com/0xPolygon/pbft-consensus/consensus_pbft.go:811.8,813.3 1 0
github.com/0xPolygon/pbft-consensus/consensus_pbft.go:817.45,818.39 1 615
github.com/0xPolygon/pbft-consensus/consensus_pbft.go:823.2,824.35 2 615
github.com/0xPolygon/pbft-consensus/consensus_pbft.go:818.39,821.3 2 0
github.com/0xPolygon/pbft-consensus/consensus_pbft.go:824.35,826.3 1 6
github.com/0xPolygon/pbft-consensus/consensus_pbft.go:826.8,828.3 1 609
github.com/0xPolygon/pbft-consensus/consensus_pbft.go:832.71,834.2 1 429
github.com/0xPolygon/pbft-consensus/consensus_pbft.go:836.44,838.2 1 403
github.com/0xPolygon/pbft-consensus/consensus_pbft.go:840.62,841.65 1 0
github.com/0xPolygon/pbft-consensus/consensus_pbft.go:841.65,852.17 4 0
github.com/0xPolygon/pbft-consensus/consensus_pbft.go:852.17,855.4 2 0
github.com/0xPolygon/pbft-consensus/helper.go:6.37,8.2 1 45
github.com/0xPolygon/pbft-consensus/helper.go:21.41,22.21 1 91
github.com/0xPolygon/pbft-consensus/helper.go:26.2,26.29 1 90
github.com/0xPolygon/pbft-consensus/helper.go:22.21,24.3 1 1
github.com/0xPolygon/pbft-consensus/helper.go:29.52,31.23 2 385
github.com/0xPolygon/pbft-consensus/helper.go:34.2,34.25 1 385
github.com/0xPolygon/pbft-consensus/helper.go:31.23,33.3 1 4246
github.com/0xPolygon/pbft-consensus/helper.go:37.36,38.13 1 897
github.com/0xPolygon/pbft-consensus/helper.go:41.2,41.21 1 897
github.com/0xPolygon/pbft-consensus/helper.go:38.13,40.3 1 0
github.com/0xPolygon/pbft-consensus/helper.go:44.42,46.2 1 612
github.com/0xPolygon/pbft-consensus/message.go:17.34,18.11 1 1592
github.com/0xPolygon/pbft-consensus/message.go:19.30,20.23 1 1505
github.com/0xPolygon/pbft-consensus/message.go:21.29,22.22 1 30
github.com/0xPolygon/pbft-consensus/message.go:23.25,24.18 1 22
github.com/0xPolygon/pbft-consensus/message.go:25.26,26.19 1 35
github.com/0xPolygon/pbft-consensus/message.go:27.10,28.47 1 0
github.com/0xPolygon/pbft-consensus/message.go:52.37,54.2 1 28
github.com/0xPolygon/pbft-consensus/message.go:56.39,58.38 1 615
github.com/0xPolygon/pbft-consensus/message.go:65.2,65.12 1 615
github.com/0xPolygon/pbft-consensus/message.go:58.38,59.20 1 28
github.com/0xPolygon/pbft-consensus/message.go:59.20,61.4 1 0
github.com/0xPolygon/pbft-consensus/message.go:68.51,70.2 1 4
github.com/0xPolygon/pbft-consensus/message.go:72.41,75.19 3 116
github.com/0xPolygon/pbft-consensus/message.go:79.2,79.23 1 116
github.com/0xPolygon/pbft-consensus/message.go:83.2,83.19 1 116
github.com/0xPolygon/pbft-consensus/message.go:87.2,87.11 1 116
github.com/0xPolygon/pbft-consensus/message.go:75.19,77.3 1 116
github.com/0xPolygon/pbft-consensus/message.go:79.23,81.3 1 1
github.com/0xPolygon/pbft-consensus/message.go:83.19,85.3 1 1
github.com/0xPolygon/pbft-consensus/message.go:91.52,99.2 1 0
github.com/0xPolygon/pbft-consensus/proposal.go:21.45,23.2 1 2
github.com/0xPolygon/pbft-consensus/proposal.go:26.37,34.2 5 3
github.com/0xPolygon/pbft-consensus/state.go:45.24,55.2 3 162
github.com/0xPolygon/pbft-consensus/state.go:57.33,59.2 1 76
github.com/0xPolygon/pbft-consensus/state.go:61.38,63.2 1 1
github.com/0xPolygon/pbft-consensus/state.go:65.53,67.42 2 4
github.com/0xPolygon/pbft-consensus/state.go:71.2,71.23 1 4
github.com/0xPolygon/pbft-consensus/state.go:67.42,69.3 1 4
github.com/0xPolygon/pbft-consensus/state.go:75.34,79.2 2 1583
github.com/0xPolygon/pbft-consensus/state.go:82.36,86.2 2 248
github.com/0xPolygon/pbft-consensus/state.go:89.38,91.2 1 46
github.com/0xPolygon/pbft-consensus/state.go:94.32,99.2 1 34
github.com/0xPolygon/pbft-consensus/state.go:102.32,107.2 3 107
github.com/0xPolygon/pbft-consensus/state.go:109.58,112.54 2 9
github.com/0xPolygon/pbft-consensus/state.go:122.2,122.8 1 9
github.com/0xPolygon/pbft-consensus/state.go:112.54,113.26 1 14
github.com/0xPolygon/pbft-consensus/state.go:116.3,116.30 1 4
github.com/0xPolygon/pbft-consensus/state.go:113.26,114.12 1 10
github.com/0xPolygon/pbft-consensus/state.go:116.30,119.4 2 4
github.com/0xPolygon/pbft-consensus/state.go:126.34,130.2 3 173
github.com/0xPolygon/pbft-consensus/state.go:133.32,135.2 1 11
github.com/0xPolygon/pbft-consensus/state.go:137.24,139.2 1 8
github.com/0xPolygon/pbft-consensus/state.go:141.26,144.2 2 30
github.com/0xPolygon/pbft-consensus/state.go:147.42,149.2 1 108
github.com/0xPolygon/pbft-consensus/state.go:152.54,153.40 1 404
github.com/0xPolygon/pbft-consensus/state.go:157.2,159.45 2 403
github.com/0xPolygon/pbft-consensus/state.go:153.40,155.3 1 1
github.com/0xPolygon/pbft-consensus/state.go:163.46,164.36 1 4
github.com/0xPolygon/pbft-consensus/state.go:168.2,168.19 1 3
github.com/0xPolygon/pbft-consensus/state.go:164.36,166.3 1 1
github.com/0xPolygon/pbft-consensus/state.go:172.47,173.35 1 10
github.com/0xPolygon/pbft-consensus/state.go:177.2,177.19 1 9
github.com/0xPolygon/pbft-consensus/state.go:173.35,175.3 1 1
github.com/0xPolygon/pbft-consensus/state.go:181.45,183.34 2 461
github.com/0xPolygon/pbft-consensus/state.go:188.2,188.35 1 420
github.com/0xPolygon/pbft-consensus/state.go:183.34,186.3 1 41
github.com/0xPolygon/pbft-consensus/state.go:188.35,190.3 1 12
github.com/0xPolygon/pbft-consensus/state.go:190.8,190.43 1 408
github.com/0xPolygon/pbft-consensus/state.go:190.43,192.3 1 6
github.com/0xPolygon/pbft-consensus/state.go:192.8,192.47 1 402
github.com/0xPolygon/pbft-consensus/state.go:192.47,195.14 3 401
github.com/0xPolygon/pbft-consensus/state.go:199.3,199.28 1 401
github.com/0xPolygon/pbft-consensus/state.go:195.14,198.4 2 130
github.com/0xPolygon/pbft-consensus/state.go:204.35,206.2 1 650
github.com/0xPolygon/pbft-consensus/state.go:209.36,211.2 1 650
github.com/0xPolygon/pbft-consensus/state.go:213.42,215.2 1 14469
github.com/0xPolygon/pbft-consensus/state.go:217.47,219.2 1 238
github.com/0xPolygon/pbft-consensus/state.go:221.111,223.20 2 385
github.com/0xPolygon/pbft-consensus/state.go:226.2,226.11 1 385
github.com/0xPolygon/pbft-consensus/state.go:223.20,225.3 1 1101
github.com/0xPolygon/pbft-consensus/test_helpers.go:5.43,7.2 1 200
github.com/0xPolygon/pbft-consensus/test_helpers.go:9.58,11.2 1 0
github.com/0xPolygon/pbft-consensus/test_helpers.go:18.56,19.26 1 100
github.com/0xPolygon/pbft-consensus/test_helpers.go:23.2,23.32 1 0
github.com/0xPolygon/pbft-consensus/test_helpers.go:28.2,28.12 1 0
github.com/0xPolygon/pbft-consensus/test_helpers.go:19.26,21.3 1 100
github.com/0xPolygon/pbft-consensus/test_helpers.go:23.32,24.40 1 0
github.com/0xPolygon/pbft-consensus/test_helpers.go:24.40,26.4 1 0
github.com/0xPolygon/pbft-consensus/test_helpers.go:33.59,43.2 5 11
github.com/0xPolygon/pbft-consensus/test_helpers.go:45.46,46.31 1 0
github.com/0xPolygon/pbft-consensus/test_helpers.go:52.2,52.11 1 0
github.com/0xPolygon/pbft-consensus/test_helpers.go:46.31,47.22 1 0
github.com/0xPolygon/pbft-consensus/test_helpers.go:47.22,49.4 1 0
github.com/0xPolygon/pbft-consensus/test_helpers.go:55.50,56.31 1 474
github.com/0xPolygon/pbft-consensus/test_helpers.go:61.2,61.14 1 43
github.com/0xPolygon/pbft-consensus/test_helpers.go:56.31,57.22 1 2297
github.com/0xPolygon/pbft-consensus/test_helpers.go:57.22,59.4 1 431
github.com/0xPolygon/pbft-consensus/test_helpers.go:64.35,66.2 1 103
github.com/0xPolygon/pbft-consensus/test_helpers.go:68.84,70.2 1 5
