mode: atomic
github.com/0xPolygon/pbft-consensus/stats/stats.go:18.24,24.2 1 3
github.com/0xPolygon/pbft-consensus/stats/stats.go:26.56,31.2 4 1
github.com/0xPolygon/pbft-consensus/stats/stats.go:33.46,37.2 3 9
github.com/0xPolygon/pbft-consensus/stats/stats.go:39.58,43.2 3 0
github.com/0xPolygon/pbft-consensus/stats/stats.go:45.34,54.41 6 0
github.com/0xPolygon/pbft-consensus/stats/stats.go:58.2,58.49 1 0
github.com/0xPolygon/pbft-consensus/stats/stats.go:62.2,62.15 1 0
github.com/0xPolygon/pbft-consensus/stats/stats.go:54.41,56.3 1 0
github.com/0xPolygon/pbft-consensus/stats/stats.go:58.49,60.3 1 0
github.com/0xPolygon/pbft-consensus/stats/stats.go:65.25,71.2 4 1
github.com/0xPolygon/pbft-consensus/consensus.go:50.46,51.25 1 0
github.com/0xPolygon/pbft-consensus/consensus.go:51.25,53.3 1 0
github.com/0xPolygon/pbft-consensus/consensus.go:56.48,57.25 1 0
github.com/0xPolygon/pbft-consensus/consensus.go:57.25,59.3 1 0
github.com/0xPolygon/pbft-consensus/consensus.go:62.56,63.25 1 0
github.com/0xPolygon/pbft-consensus/consensus.go:63.25,65.3 1 0
github.com/0xPolygon/pbft-consensus/consensus.go:68.45,69.25 1 128
github.com/0xPolygon/pbft-consensus/consensus.go:69.25,71.3 1 128
github.com/0xPolygon/pbft-consensus/consensus.go:74.46,75.25 1 0
github.com/0xPolygon/pbft-consensus/consensus.go:75.25,77.3 1 0
github.com/0xPolygon/pbft-consensus/consensus.go:80.63,81.25 1 28
github.com/0xPolygon/pbft-consensus/consensus.go:81.25,82.26 1 28
github.com/0xPolygon/pbft-consensus/consensus.go:82.26,84.4 1 28
github.com/0xPolygon/pbft-consensus/consensus.go:88.56,89.25 1 0
github.com/0xPolygon/pbft-consensus/consensus.go:89.25,90.22 1 0
github.com/0xPolygon/pbft-consensus/consensus.go:90.22,92.4 1 0
github.com/0xPolygon/pbft-consensus/consensus.go:96.57,97.25 1 0
github.com/0xPolygon/pbft-consensus/consensus.go:97.25,98.18 1 0
github.com/0xPolygon/pbft-consensus/consensus.go:98.18,100.4 1 0
github.com/0xPolygon/pbft-consensus/consensus.go:110.30,119.2 1 128
github.com/0xPolygon/pbft-consensus/consensus.go:121.49,122.27 1 128
github.com/0xPolygon/pbft-consensus/consensus.go:122.27,124.3 1 156
github.com/0xPolygon/pbft-consensus/consensus.go:214.78,234.2 5 128
github.com/0xPolygon/pbft-consensus/consensus.go:236.50,246.2 4 28
github.com/0xPolygon/pbft-consensus/consensus.go:249.41,257.61 4 2
github.com/0xPolygon/pbft-consensus/consensus.go:257.61,258.10 1 4
github.com/0xPolygon/pbft-consensus/consensus.go:265.3,268.16 2 3
github.com/0xPolygon/pbft-consensus/consensus.go:259.21,260.10 1 1
github.com/0xPolygon/pbft-consensus/consensus.go:261.11,261.11 0 3
github.com/0xPolygon/pbft-consensus/consensus.go:272.28,273.35 1 3
github.com/0xPolygon/pbft-consensus/consensus.go:273.35,277.3 2 0
github.com/0xPolygon/pbft-consensus/consensus.go:280.53,286.2 2 2
github.com/0xPolygon/pbft-consensus/consensus.go:287.46,289.2 1 0
github.com/0xPolygon/pbft-consensus/consensus.go:292.46,298.25 4 29
github.com/0xPolygon/pbft-consensus/consensus.go:302.2,302.15 1 29
github.com/0xPolygon/pbft-consensus/consensus.go:298.25,300.3 1 29
github.com/0xPolygon/pbft-consensus/consensus.go:303.19,304.24 1 13
github.com/0xPolygon/pbft-consensus/consensus.go:306.21,307.26 1 5
github.com/0xPolygon/pbft-consensus/consensus.go:309.24,310.29 1 7
github.com/0xPolygon/pbft-consensus/consensus.go:312.19,313.24 1 3
github.com/0xPolygon/pbft-consensus/consensus.go:315.17,316.47 1 1
github.com/0xPolygon/pbft-consensus/consensus.go:320.45,325.2 2 28
github.com/0xPolygon/pbft-consensus/consensus.go:327.39,332.2 2 136
github.com/0xPolygon/pbft-consensus/consensus.go:339.52,346.56 5 13
github.com/0xPolygon/pbft-consensus/consensus.go:354.2,373.16 7 11
github.com/0xPolygon/pbft-consensus/consensus.go:405.2,413.34 2 7
github.com/0xPolygon/pbft-consensus/consensus.go:346.56,351.3 3 2
github.com/0xPolygon/pbft-consensus/consensus.go:373.16,376.26 2 4
github.com/0xPolygon/pbft-consensus/consensus.go:395.3,402.9 4 3
github.com/0xPolygon/pbft-consensus/consensus.go:376.26,379.18 2 3
github.com/0xPolygon/pbft-consensus/consensus.go:386.4,387.11 2 2
github.com/0xPolygon/pbft-consensus/consensus.go:379.18,383.5 3 1
github.com/0xPolygon/pbft-consensus/consensus.go:388.29,388.29 0 2
github.com/0xPolygon/pbft-consensus/consensus.go:389.22,390.11 1 0
github.com/0xPolygon/pbft-consensus/consensus.go:413.34,415.10 2 8
github.com/0xPolygon/pbft-consensus/consensus.go:418.3,418.17 1 6
github.com/0xPolygon/pbft-consensus/consensus.go:423.3,423.35 1 5
github.com/0xPolygon/pbft-consensus/consensus.go:429.3,433.54 2 4
github.com/0xPolygon/pbft-consensus/consensus.go:439.3,439.25 1 3
github.com/0xPolygon/pbft-consensus/consensus.go:415.10,417.4 1 2
github.com/0xPolygon/pbft-consensus/consensus.go:418.17,420.12 2 1
github.com/0xPolygon/pbft-consensus/consensus.go:423.35,425.12 2 1
github.com/0xPolygon/pbft-consensus/consensus.go:433.54,437.4 3 1
github.com/0xPolygon/pbft-consensus/consensus.go:439.25,441.40 1 2
github.com/0xPolygon/pbft-consensus/consensus.go:441.40,445.5 2 1
github.com/0xPolygon/pbft-consensus/consensus.go:445.10,447.5 1 1
github.com/0xPolygon/pbft-consensus/consensus.go:448.9,452.4 3 1
github.com/0xPolygon/pbft-consensus/consensus.go:459.54,464.38 4 5
github.com/0xPolygon/pbft-consensus/consensus.go:478.2,478.36 1 5
github.com/0xPolygon/pbft-consensus/consensus.go:464.38,469.20 2 6
github.com/0xPolygon/pbft-consensus/consensus.go:469.20,475.4 3 2
github.com/0xPolygon/pbft-consensus/consensus.go:478.36,482.10 3 13
github.com/0xPolygon/pbft-consensus/consensus.go:487.3,487.17 1 13
github.com/0xPolygon/pbft-consensus/consensus.go:495.3,495.52 1 11
github.com/0xPolygon/pbft-consensus/consensus.go:500.3,500.19 1 10
github.com/0xPolygon/pbft-consensus/consensus.go:514.3,514.34 1 9
github.com/0xPolygon/pbft-consensus/consensus.go:546.3,548.13 2 9
github.com/0xPolygon/pbft-consensus/consensus.go:482.10,486.4 2 0
github.com/0xPolygon/pbft-consensus/consensus.go:487.17,492.4 3 2
github.com/0xPolygon/pbft-consensus/consensus.go:495.52,497.12 2 1
github.com/0xPolygon/pbft-consensus/consensus.go:501.27,502.28 1 5
github.com/0xPolygon/pbft-consensus/consensus.go:504.26,505.71 1 4
github.com/0xPolygon/pbft-consensus/consensus.go:509.4,509.29 1 4
github.com/0xPolygon/pbft-consensus/consensus.go:510.11,511.87 1 1
github.com/0xPolygon/pbft-consensus/consensus.go:505.71,507.13 2 0
github.com/0xPolygon/pbft-consensus/consensus.go:514.34,515.50 1 9
github.com/0xPolygon/pbft-consensus/consensus.go:520.4,520.51 1 9
github.com/0xPolygon/pbft-consensus/consensus.go:515.50,518.5 1 4
github.com/0xPolygon/pbft-consensus/consensus.go:520.51,526.5 2 2
github.com/0xPolygon/pbft-consensus/consensus.go:527.9,531.103 3 0
github.com/0xPolygon/pbft-consensus/consensus.go:536.4,536.104 1 0
github.com/0xPolygon/pbft-consensus/consensus.go:531.103,534.5 1 0
github.com/0xPolygon/pbft-consensus/consensus.go:536.104,542.5 2 0
github.com/0xPolygon/pbft-consensus/consensus.go:552.82,571.2 2 459
github.com/0xPolygon/pbft-consensus/consensus.go:573.56,583.49 4 451
github.com/0xPolygon/pbft-consensus/consensus.go:586.2,586.29 1 451
github.com/0xPolygon/pbft-consensus/consensus.go:583.49,585.3 1 448
github.com/0xPolygon/pbft-consensus/consensus.go:589.52,606.45 7 3
github.com/0xPolygon/pbft-consensus/consensus.go:606.45,611.3 2 1
github.com/0xPolygon/pbft-consensus/consensus.go:611.8,614.3 1 2
github.com/0xPolygon/pbft-consensus/consensus.go:623.42,626.2 2 2
github.com/0xPolygon/pbft-consensus/consensus.go:628.57,632.40 3 107
github.com/0xPolygon/pbft-consensus/consensus.go:641.2,641.32 1 107
github.com/0xPolygon/pbft-consensus/consensus.go:645.2,645.25 1 107
github.com/0xPolygon/pbft-consensus/consensus.go:667.2,667.41 1 107
github.com/0xPolygon/pbft-consensus/consensus.go:683.2,683.39 1 107
github.com/0xPolygon/pbft-consensus/consensus.go:632.40,640.3 4 108
github.com/0xPolygon/pbft-consensus/consensus.go:641.32,643.3 1 106
github.com/0xPolygon/pbft-consensus/consensus.go:645.25,649.79 1 6
github.com/0xPolygon/pbft-consensus/consensus.go:662.3,662.24 1 5
github.com/0xPolygon/pbft-consensus/consensus.go:649.79,658.4 3 1
github.com/0xPolygon/pbft-consensus/consensus.go:667.41,670.3 2 101
github.com/0xPolygon/pbft-consensus/consensus.go:670.8,673.45 1 6
github.com/0xPolygon/pbft-consensus/consensus.go:673.45,676.4 2 1
github.com/0xPolygon/pbft-consensus/consensus.go:676.9,679.4 1 5
github.com/0xPolygon/pbft-consensus/consensus.go:683.39,687.10 3 448
github.com/0xPolygon/pbft-consensus/consensus.go:692.3,692.17 1 443
github.com/0xPolygon/pbft-consensus/consensus.go:703.3,705.34 2 442
github.com/0xPolygon/pbft-consensus/consensus.go:734.3,735.13 2 442
github.com/0xPolygon/pbft-consensus/consensus.go:687.10,691.4 2 5
github.com/0xPolygon/pbft-consensus/consensus.go:692.17,699.12 4 1
github.com/0xPolygon/pbft-consensus/consensus.go:705.34,706.33 1 13
github.com/0xPolygon/pbft-consensus/consensus.go:706.33,710.5 2 1
github.com/0xPolygon/pbft-consensus/consensus.go:710.10,710.48 1 12
github.com/0xPolygon/pbft-consensus/consensus.go:710.48,712.51 1 4
github.com/0xPolygon/pbft-consensus/consensus.go:712.51,715.6 1 1
github.com/0xPolygon/pbft-consensus/consensus.go:717.9,721.44 4 429
github.com/0xPolygon/pbft-consensus/consensus.go:721.44,725.5 2 100
github.com/0xPolygon/pbft-consensus/consensus.go:725.10,725.65 1 329
github.com/0xPolygon/pbft-consensus/consensus.go:725.65,727.51 1 94
github.com/0xPolygon/pbft-consensus/consensus.go:727.51,730.6 1 0
github.com/0xPolygon/pbft-consensus/consensus.go:741.34,743.2 1 108
github.com/0xPolygon/pbft-consensus/consensus.go:745.36,747.2 1 3
github.com/0xPolygon/pbft-consensus/consensus.go:749.33,751.2 1 4
github.com/0xPolygon/pbft-consensus/consensus.go:753.32,755.2 1 3
github.com/0xPolygon/pbft-consensus/consensus.go:757.40,762.39 2 119
github.com/0xPolygon/pbft-consensus/consensus.go:771.2,774.39 2 119
github.com/0xPolygon/pbft-consensus/consensus.go:779.2,779.35 1 119
github.com/0xPolygon/pbft-consensus/consensus.go:789.2,789.39 1 118
github.com/0xPolygon/pbft-consensus/consensus.go:795.2,795.48 1 118
github.com/0xPolygon/pbft-consensus/consensus.go:762.39,768.3 1 11
github.com/0xPolygon/pbft-consensus/consensus.go:774.39,776.3 1 3
github.com/0xPolygon/pbft-consensus/consensus.go:779.35,782.17 2 4
github.com/0xPolygon/pbft-consensus/consensus.go:786.3,786.18 1 3
github.com/0xPolygon/pbft-consensus/consensus.go:782.17,785.4 2 1
github.com/0xPolygon/pbft-consensus/consensus.go:789.39,794.3 3 115
github.com/0xPolygon/pbft-consensus/consensus.go:795.48,797.3 1 0
github.com/0xPolygon/pbft-consensus/consensus.go:801.40,803.2 1 0
github.com/0xPolygon/pbft-consensus/consensus.go:806.37,808.2 1 0
github.com/0xPolygon/pbft-consensus/consensus.go:811.37,813.2 1 1716
github.com/0xPolygon/pbft-consensus/consensus.go:816.42,818.2 1 5
github.com/0xPolygon/pbft-consensus/consensus.go:820.38,822.2 1 2
github.com/0xPolygon/pbft-consensus/consensus.go:825.38,828.2 2 148
github.com/0xPolygon/pbft-consensus/consensus.go:831.32,833.2 1 0
github.com/0xPolygon/pbft-consensus/consensus.go:836.40,838.2 1 0
github.com/0xPolygon/pbft-consensus/consensus.go:840.31,842.2 1 0
github.com/0xPolygon/pbft-consensus/consensus.go:845.68,846.6 1 469
github.com/0xPolygon/pbft-consensus/consensus.go:846.6,851.32 3 473
github.com/0xPolygon/pbft-consensus/consensus.go:855.3,855.17 1 473
github.com/0xPolygon/pbft-consensus/consensus.go:864.3,864.10 1 15
github.com/0xPolygon/pbft-consensus/consensus.go:851.32,854.4 2 1
github.com/0xPolygon/pbft-consensus/consensus.go:855.17,860.4 3 458
github.com/0xPolygon/pbft-consensus/consensus.go:865.30,872.20 4 4
github.com/0xPolygon/pbft-consensus/consensus.go:873.23,874.21 1 7
github.com/0xPolygon/pbft-consensus/consensus.go:875.21,875.21 0 4
github.com/0xPolygon/pbft-consensus/consensus.go:880.53,883.9 2 630
github.com/0xPolygon/pbft-consensus/consensus.go:884.32,884.32 0 118
github.com/0xPolygon/pbft-consensus/consensus.go:885.10,885.10 0 512
github.com/0xPolygon/pbft-consensus/consensus.go:890.45,891.39 1 630
github.com/0xPolygon/pbft-consensus/consensus.go:896.2,896.28 1 630
github.com/0xPolygon/pbft-consensus/consensus.go:891.39,894.3 2 0
github.com/0xPolygon/pbft-consensus/consensus.go:900.71,902.2 1 473
github.com/0xPolygon/pbft-consensus/consensus.go:907.61,912.33 2 107
github.com/0xPolygon/pbft-consensus/consensus.go:917.2,917.16 1 107
github.com/0xPolygon/pbft-consensus/consensus.go:912.33,914.3 1 104
github.com/0xPolygon/pbft-consensus/consensus.go:914.8,916.3 1 3
github.com/0xPolygon/pbft-consensus/consensus.go:919.56,921.2 1 100
github.com/0xPolygon/pbft-consensus/consensus.go:934.41,935.21 1 99
github.com/0xPolygon/pbft-consensus/consensus.go:938.2,938.29 1 98
github.com/0xPolygon/pbft-consensus/consensus.go:935.21,937.3 1 1
github.com/0xPolygon/pbft-consensus/consensus.go:944.37,946.2 1 53
github.com/0xPolygon/pbft-consensus/consensus.go:948.52,950.23 2 429
github.com/0xPolygon/pbft-consensus/consensus.go:953.2,953.25 1 429
github.com/0xPolygon/pbft-consensus/consensus.go:950.23,952.3 1 4458
github.com/0xPolygon/pbft-consensus/consensus.go:956.36,957.13 1 1033
github.com/0xPolygon/pbft-consensus/consensus.go:960.2,960.21 1 1033
github.com/0xPolygon/pbft-consensus/consensus.go:957.13,959.3 1 0
github.com/0xPolygon/pbft-consensus/consensus.go:963.42,965.2 1 704
github.com/0xPolygon/pbft-consensus/msg_queue.go:23.53,29.2 4 638
github.com/0xPolygon/pbft-consensus/msg_queue.go:32.76,35.2 2 6
github.com/0xPolygon/pbft-consensus/msg_queue.go:37.105,44.6 5 479
github.com/0xPolygon/pbft-consensus/msg_queue.go:44.6,45.23 1 482
github.com/0xPolygon/pbft-consensus/msg_queue.go:48.3,51.32 2 467
github.com/0xPolygon/pbft-consensus/msg_queue.go:68.3,70.37 2 463
github.com/0xPolygon/pbft-consensus/msg_queue.go:77.3,77.24 1 460
github.com/0xPolygon/pbft-consensus/msg_queue.go:45.23,47.4 1 15
github.com/0xPolygon/pbft-consensus/msg_queue.go:51.32,54.44 1 447
github.com/0xPolygon/pbft-consensus/msg_queue.go:54.44,57.5 1 1
github.com/0xPolygon/pbft-consensus/msg_queue.go:58.9,60.38 1 20
github.com/0xPolygon/pbft-consensus/msg_queue.go:60.38,63.5 1 3
github.com/0xPolygon/pbft-consensus/msg_queue.go:70.37,73.12 2 3
github.com/0xPolygon/pbft-consensus/msg_queue.go:82.60,83.31 1 1117
github.com/0xPolygon/pbft-consensus/msg_queue.go:83.31,86.3 1 1062
github.com/0xPolygon/pbft-consensus/msg_queue.go:86.8,86.33 1 55
github.com/0xPolygon/pbft-consensus/msg_queue.go:86.33,89.3 1 16
github.com/0xPolygon/pbft-consensus/msg_queue.go:89.8,92.3 1 39
github.com/0xPolygon/pbft-consensus/msg_queue.go:96.30,102.2 1 130
github.com/0xPolygon/pbft-consensus/msg_queue.go:105.40,106.35 1 642
github.com/0xPolygon/pbft-consensus/msg_queue.go:117.2,117.28 1 0
github.com/0xPolygon/pbft-consensus/msg_queue.go:106.35,109.3 1 608
github.com/0xPolygon/pbft-consensus/msg_queue.go:109.8,109.41 1 34
github.com/0xPolygon/pbft-consensus/msg_queue.go:109.41,112.3 1 8
github.com/0xPolygon/pbft-consensus/msg_queue.go:112.8,112.66 1 26
github.com/0xPolygon/pbft-consensus/msg_queue.go:112.66,115.3 1 26
github.com/0xPolygon/pbft-consensus/msg_queue.go:120.46,121.19 1 4
github.com/0xPolygon/pbft-consensus/msg_queue.go:122.24,123.32 1 1
github.com/0xPolygon/pbft-consensus/msg_queue.go:124.19,125.31 1 1
github.com/0xPolygon/pbft-consensus/msg_queue.go:126.21,127.28 1 2
github.com/0xPolygon/pbft-consensus/msg_queue.go:128.10,129.29 1 0
github.com/0xPolygon/pbft-consensus/msg_queue.go:136.42,138.2 1 467
github.com/0xPolygon/pbft-consensus/msg_queue.go:141.33,143.2 1 1585
github.com/0xPolygon/pbft-consensus/msg_queue.go:146.43,149.42 2 1145
github.com/0xPolygon/pbft-consensus/msg_queue.go:153.2,153.36 1 1142
github.com/0xPolygon/pbft-consensus/msg_queue.go:157.2,157.26 1 1137
github.com/0xPolygon/pbft-consensus/msg_queue.go:149.42,151.3 1 3
github.com/0xPolygon/pbft-consensus/msg_queue.go:153.36,155.3 1 5
github.com/0xPolygon/pbft-consensus/msg_queue.go:161.38,163.2 1 474
github.com/0xPolygon/pbft-consensus/msg_queue.go:166.44,168.2 1 639
github.com/0xPolygon/pbft-consensus/msg_queue.go:171.42,178.2 6 463
github.com/0xPolygon/pbft-consensus/msg_queue.go:187.30,188.30 1 488
github.com/0xPolygon/pbft-consensus/msg_queue.go:195.2,195.24 1 481
github.com/0xPolygon/pbft-consensus/msg_queue.go:203.2,203.10 1 470
github.com/0xPolygon/pbft-consensus/msg_queue.go:188.30,189.30 1 7
github.com/0xPolygon/pbft-consensus/msg_queue.go:189.30,191.4 1 3
github.com/0xPolygon/pbft-consensus/msg_queue.go:191.9,193.4 1 4
github.com/0xPolygon/pbft-consensus/msg_queue.go:195.24,196.24 1 11
github.com/0xPolygon/pbft-consensus/msg_queue.go:196.24,198.4 1 3
github.com/0xPolygon/pbft-consensus/msg_queue.go:198.9,200.4 1 8
github.com/0xPolygon/pbft-consensus/state.go:19.34,20.11 1 954
github.com/0xPolygon/pbft-consensus/state.go:21.30,22.23 1 898
github.com/0xPolygon/pbft-consensus/state.go:23.29,24.22 1 20
github.com/0xPolygon/pbft-consensus/state.go:25.25,26.18 1 13
github.com/0xPolygon/pbft-consensus/state.go:27.26,28.19 1 23
github.com/0xPolygon/pbft-consensus/state.go:29.10,30.47 1 0
github.com/0xPolygon/pbft-consensus/state.go:54.37,56.2 1 30
github.com/0xPolygon/pbft-consensus/state.go:58.39,60.38 1 630
github.com/0xPolygon/pbft-consensus/state.go:67.2,67.12 1 630
github.com/0xPolygon/pbft-consensus/state.go:60.38,61.20 1 28
github.com/0xPolygon/pbft-consensus/state.go:61.20,63.4 1 0
github.com/0xPolygon/pbft-consensus/state.go:70.51,72.2 1 4
github.com/0xPolygon/pbft-consensus/state.go:74.41,77.19 3 116
github.com/0xPolygon/pbft-consensus/state.go:80.2,80.23 1 116
github.com/0xPolygon/pbft-consensus/state.go:83.2,83.19 1 116
github.com/0xPolygon/pbft-consensus/state.go:86.2,86.11 1 116
github.com/0xPolygon/pbft-consensus/state.go:77.19,79.3 1 116
github.com/0xPolygon/pbft-consensus/state.go:80.23,82.3 1 1
github.com/0xPolygon/pbft-consensus/state.go:83.19,85.3 1 1
github.com/0xPolygon/pbft-consensus/state.go:90.52,98.2 1 0
github.com/0xPolygon/pbft-consensus/state.go:108.29,112.2 3 235
github.com/0xPolygon/pbft-consensus/state.go:114.32,116.2 1 30
github.com/0xPolygon/pbft-consensus/state.go:118.44,123.2 1 542
github.com/0xPolygon/pbft-consensus/state.go:140.36,141.11 1 157
github.com/0xPolygon/pbft-consensus/state.go:155.2,155.55 1 0
github.com/0xPolygon/pbft-consensus/state.go:142.19,143.23 1 51
github.com/0xPolygon/pbft-consensus/state.go:144.24,145.28 1 50
github.com/0xPolygon/pbft-consensus/state.go:146.21,147.25 1 35
github.com/0xPolygon/pbft-consensus/state.go:148.19,149.23 1 11
github.com/0xPolygon/pbft-consensus/state.go:150.17,151.21 1 4
github.com/0xPolygon/pbft-consensus/state.go:152.17,153.21 1 6
github.com/0xPolygon/pbft-consensus/state.go:170.45,172.2 1 2
github.com/0xPolygon/pbft-consensus/state.go:175.37,182.2 5 3
github.com/0xPolygon/pbft-consensus/state.go:229.31,238.2 3 161
github.com/0xPolygon/pbft-consensus/state.go:240.40,242.2 1 51
github.com/0xPolygon/pbft-consensus/state.go:244.45,246.2 1 1
github.com/0xPolygon/pbft-consensus/state.go:248.60,250.42 2 4
github.com/0xPolygon/pbft-consensus/state.go:253.2,253.23 1 4
github.com/0xPolygon/pbft-consensus/state.go:250.42,252.3 1 4
github.com/0xPolygon/pbft-consensus/state.go:257.45,261.2 2 1721
github.com/0xPolygon/pbft-consensus/state.go:264.46,268.2 2 248
github.com/0xPolygon/pbft-consensus/state.go:271.45,273.2 1 46
github.com/0xPolygon/pbft-consensus/state.go:276.39,281.2 1 42
github.com/0xPolygon/pbft-consensus/state.go:284.39,289.2 3 107
github.com/0xPolygon/pbft-consensus/state.go:291.65,294.54 2 9
github.com/0xPolygon/pbft-consensus/state.go:303.2,303.8 1 9
github.com/0xPolygon/pbft-consensus/state.go:294.54,295.26 1 14
github.com/0xPolygon/pbft-consensus/state.go:298.3,298.30 1 4
github.com/0xPolygon/pbft-consensus/state.go:295.26,296.12 1 10
github.com/0xPolygon/pbft-consensus/state.go:298.30,301.4 2 4
github.com/0xPolygon/pbft-consensus/state.go:307.41,311.2 3 172
github.com/0xPolygon/pbft-consensus/state.go:314.39,316.2 1 11
github.com/0xPolygon/pbft-consensus/state.go:318.31,320.2 1 10
github.com/0xPolygon/pbft-consensus/state.go:322.33,325.2 2 4
github.com/0xPolygon/pbft-consensus/state.go:328.49,330.2 1 108
github.com/0xPolygon/pbft-consensus/state.go:333.61,334.40 1 448
github.com/0xPolygon/pbft-consensus/state.go:337.2,338.45 2 447
github.com/0xPolygon/pbft-consensus/state.go:334.40,336.3 1 1
github.com/0xPolygon/pbft-consensus/state.go:342.53,343.36 1 8
github.com/0xPolygon/pbft-consensus/state.go:347.2,347.19 1 7
github.com/0xPolygon/pbft-consensus/state.go:343.36,345.3 1 1
github.com/0xPolygon/pbft-consensus/state.go:351.54,352.35 1 10
github.com/0xPolygon/pbft-consensus/state.go:356.2,356.19 1 9
github.com/0xPolygon/pbft-consensus/state.go:352.35,354.3 1 1
github.com/0xPolygon/pbft-consensus/state.go:360.52,362.34 2 509
github.com/0xPolygon/pbft-consensus/state.go:367.2,367.35 1 462
github.com/0xPolygon/pbft-consensus/state.go:362.34,365.3 1 47
github.com/0xPolygon/pbft-consensus/state.go:367.35,369.3 1 12
github.com/0xPolygon/pbft-consensus/state.go:369.8,369.43 1 450
github.com/0xPolygon/pbft-consensus/state.go:369.43,371.3 1 10
github.com/0xPolygon/pbft-consensus/state.go:371.8,371.47 1 440
github.com/0xPolygon/pbft-consensus/state.go:371.47,374.14 3 439
github.com/0xPolygon/pbft-consensus/state.go:378.3,378.28 1 439
github.com/0xPolygon/pbft-consensus/state.go:374.14,377.4 2 130
github.com/0xPolygon/pbft-consensus/state.go:383.42,385.2 1 934
github.com/0xPolygon/pbft-consensus/state.go:388.43,390.2 1 934
github.com/0xPolygon/pbft-consensus/state.go:392.49,394.2 1 5048
github.com/0xPolygon/pbft-consensus/state.go:395.54,397.2 1 237
github.com/0xPolygon/pbft-consensus/state.go:399.118,401.20 2 429
github.com/0xPolygon/pbft-consensus/state.go:404.2,404.11 1 429
github.com/0xPolygon/pbft-consensus/state.go:401.20,403.3 1 1272
github.com/0xPolygon/pbft-consensus/state.go:426.87,426.88 0 4
github.com/0xPolygon/pbft-consensus/state.go:429.86,431.2 1 473
github.com/0xPolygon/pbft-consensus/test_helpers.go:5.43,7.2 1 300
github.com/0xPolygon/pbft-consensus/test_helpers.go:9.58,11.2 1 0
github.com/0xPolygon/pbft-consensus/test_helpers.go:18.56,19.26 1 100
github.com/0xPolygon/pbft-consensus/test_helpers.go:23.2,23.32 1 0
github.com/0xPolygon/pbft-consensus/test_helpers.go:28.2,28.12 1 0
github.com/0xPolygon/pbft-consensus/test_helpers.go:19.26,21.3 1 100
github.com/0xPolygon/pbft-consensus/test_helpers.go:23.32,24.40 1 0
github.com/0xPolygon/pbft-consensus/test_helpers.go:24.40,26.4 1 0
github.com/0xPolygon/pbft-consensus/test_helpers.go:33.59,43.2 5 11
github.com/0xPolygon/pbft-consensus/test_helpers.go:45.46,46.31 1 0
github.com/0xPolygon/pbft-consensus/test_helpers.go:52.2,52.11 1 0
github.com/0xPolygon/pbft-consensus/test_helpers.go:46.31,47.22 1 0
github.com/0xPolygon/pbft-consensus/test_helpers.go:47.22,49.4 1 0
github.com/0xPolygon/pbft-consensus/test_helpers.go:55.50,56.31 1 522
github.com/0xPolygon/pbft-consensus/test_helpers.go:61.2,61.14 1 49
github.com/0xPolygon/pbft-consensus/test_helpers.go:56.31,57.22 1 2542
github.com/0xPolygon/pbft-consensus/test_helpers.go:57.22,59.4 1 473
github.com/0xPolygon/pbft-consensus/test_helpers.go:64.35,66.2 1 111
